<?xml version="1.0" encoding="UTF-8"?>
<!-- Generated by org.testng.reporters.JUnitXMLReporter -->
<testsuite hostname="DEV_TEST_JOYDIP" ignored="0" name="Default test" tests="3" failures="0" timestamp="31 Dec 2018 12:09:26 GMT" time="1.421" errors="0">
  <testcase name="feature" time="0.061" classname="runner.TestRunner"/>
  <testcase name="feature" time="0.013" classname="runner.TestRunner"/>
  <testcase name="feature" time="0.01" classname="runner.TestRunner"/>
</testsuite> <!-- Default test -->
