<?xml version="1.0" encoding="UTF-8"?>
<!-- Generated by org.testng.reporters.JUnitXMLReporter -->
<testsuite hostname="DEV_TEST_JOYDIP" ignored="0" name="Default test" tests="4" failures="0" timestamp="26 Dec 2018 13:11:42 GMT" time="0.461" errors="0">
  <testcase name="feature" time="0.05" classname="runner.TestRunner"/>
  <testcase name="feature" time="0.012" classname="runner.TestRunner"/>
  <testcase name="feature" time="0.012" classname="runner.TestRunner"/>
  <testcase name="feature" time="0.009" classname="runner.TestRunner"/>
</testsuite> <!-- Default test -->
