<?xml version="1.0" encoding="UTF-8"?>
<testng-results skipped="0" failed="0" ignored="0" total="1" passed="1">
  <reporter-output>
  </reporter-output>
  <suite name="Suite1" duration-ms="33110" started-at="2018-12-27T05:16:31Z" finished-at="2018-12-27T05:17:04Z">
    <groups>
      <group name="cucumber">
        <method signature="TestRunner.feature(cucumber.api.testng.CucumberFeatureWrapper)[pri:0, instance:runner.TestRunner@56ef9176]" name="feature" class="runner.TestRunner"/>
      </group> <!-- cucumber -->
    </groups>
    <test name="Test" duration-ms="33110" started-at="2018-12-27T05:16:31Z" finished-at="2018-12-27T05:17:04Z">
      <class name="runner.TestRunner">
        <test-method status="PASS" signature="setUpClass()[pri:0, instance:runner.TestRunner@56ef9176]" name="setUpClass" is-config="true" duration-ms="251" started-at="2018-12-27T05:16:31Z" finished-at="2018-12-27T05:16:31Z">
          <reporter-output>
          </reporter-output>
        </test-method> <!-- setUpClass -->
        <test-method status="PASS" signature="feature(cucumber.api.testng.CucumberFeatureWrapper)[pri:0, instance:runner.TestRunner@56ef9176]" name="feature" duration-ms="32688" started-at="2018-12-27T05:16:31Z" description="Runs Cucumber Feature" data-provider="features" finished-at="2018-12-27T05:17:04Z">
          <params>
            <param index="0">
              <value>
                <![CDATA[User Login]]>
              </value>
            </param>
          </params>
          <reporter-output>
          </reporter-output>
        </test-method> <!-- feature -->
        <test-method status="PASS" signature="tearDownClass()[pri:0, instance:runner.TestRunner@56ef9176]" name="tearDownClass" is-config="true" duration-ms="91" started-at="2018-12-27T05:17:04Z" finished-at="2018-12-27T05:17:04Z">
          <reporter-output>
          </reporter-output>
        </test-method> <!-- tearDownClass -->
      </class> <!-- runner.TestRunner -->
    </test> <!-- Test -->
  </suite> <!-- Suite1 -->
</testng-results>
